Using pre-set license
Built from '2020.3/staging' branch; Version is '2020.3.11f1 (99c7afb366b3) revision 10078127'; Using compiler version '192528614'; Build Type 'Release'
OS: 'Windows 10 Home N; OS build 19042.1165; Version 2009; 64bit' Language: 'en' Physical Memory: 16334 MB
BatchMode: 1, IsHumanControllingUs: 0, StartBugReporterOnCrash: 0, Is64bit: 1, IsPro: 0

 COMMAND LINE ARGUMENTS:
A:\Unity\Editor\2020.3.11f1\Editor\Unity.exe
-adb2
-batchMode
-noUpm
-name
AssetImportWorker0
-projectPath
F:/Github Repos/sudoku-multiplayer-project
-logFile
Logs/AssetImportWorker0.log
-srvPort
61738
Successfully changed project path to: F:/Github Repos/sudoku-multiplayer-project
F:/Github Repos/sudoku-multiplayer-project
Using Asset Import Pipeline V2.
Refreshing native plugins compatible for Editor in 29.60 ms, found 2 plugins.
Preloading 0 native plugins for Editor in 0.00 ms.
Initialize engine version: 2020.3.11f1 (99c7afb366b3)
[Subsystems] Discovering subsystems at path A:/Unity/Editor/2020.3.11f1/Editor/Data/Resources/UnitySubsystems
[Subsystems] Discovering subsystems at path F:/Github Repos/sudoku-multiplayer-project/Assets
GfxDevice: creating device client; threaded=0
Direct3D:
    Version:  Direct3D 11.0 [level 11.1]
    Renderer: NVIDIA GeForce GTX 960 (ID=0x1401)
    Vendor:   
    VRAM:     2007 MB
    Driver:   27.21.14.6647
Initialize mono
Mono path[0] = 'A:/Unity/Editor/2020.3.11f1/Editor/Data/Managed'
Mono path[1] = 'A:/Unity/Editor/2020.3.11f1/Editor/Data/MonoBleedingEdge/lib/mono/unityjit'
Mono config path = 'A:/Unity/Editor/2020.3.11f1/Editor/Data/MonoBleedingEdge/etc'
Using monoOptions --debugger-agent=transport=dt_socket,embedding=1,server=y,suspend=n,address=127.0.0.1:56376
Begin MonoManager ReloadAssembly
Registering precompiled unity dll's ...
Register platform support module: A:/Unity/Editor/2020.3.11f1/Editor/Data/PlaybackEngines/WebGLSupport/UnityEditor.WebGL.Extensions.dll
Register platform support module: A:/Unity/Editor/2020.3.11f1/Editor/Data/PlaybackEngines/WindowsStandaloneSupport/UnityEditor.WindowsStandalone.Extensions.dll
Register platform support module: A:/Unity/Editor/2020.3.11f1/Editor/Data/PlaybackEngines/LinuxStandaloneSupport/UnityEditor.LinuxStandalone.Extensions.dll
Registered in 0.001295 seconds.
Native extension for LinuxStandalone target not found
Native extension for WindowsStandalone target not found
Native extension for WebGL target not found
Refreshing native plugins compatible for Editor in 28.98 ms, found 2 plugins.
Preloading 0 native plugins for Editor in 0.00 ms.
Mono: successfully reloaded assembly
- Completed reload, in  1.322 seconds
Platform modules already initialized, skipping
Registering precompiled user dll's ...
Registered in 0.002659 seconds.
Begin MonoManager ReloadAssembly
Native extension for LinuxStandalone target not found
Native extension for WindowsStandalone target not found
Native extension for WebGL target not found
Refreshing native plugins compatible for Editor in 29.33 ms, found 2 plugins.
Preloading 0 native plugins for Editor in 0.00 ms.
Mono: successfully reloaded assembly
- Completed reload, in  0.910 seconds
Platform modules already initialized, skipping
========================================================================
Worker process is ready to serve import requests
Launched and connected shader compiler UnityShaderCompiler.exe after 0.05 seconds
Refreshing native plugins compatible for Editor in 0.42 ms, found 2 plugins.
Preloading 0 native plugins for Editor in 0.00 ms.
Unloading 1687 Unused Serialized files (Serialized files now loaded: 0)
System memory in use before: 76.0 MB.
System memory in use after: 76.1 MB.

Unloading 20 unused Assets to reduce memory usage. Loaded Objects now: 2124.
Total: 2.358000 ms (FindLiveObjects: 0.243900 ms CreateObjectMapping: 0.035000 ms MarkObjects: 2.009500 ms  DeleteObjects: 0.068300 ms)

========================================================================
Received Import Request.
  path: Assets/PlayerInputAction.inputactions
  artifactKey: Guid(639d4c6df7747924c944ffd412f3abf1) Importer(815301076,1909f56bfc062723c751e8b465ee728b)
Start importing Assets/PlayerInputAction.inputactions using Guid(639d4c6df7747924c944ffd412f3abf1) Importer(815301076,1909f56bfc062723c751e8b465ee728b)  -> (artifact id: 'b7a65cbbe36c95da3ab0d2be9ef5fd6b') in 0.038530 seconds
  Import took 0.045772 seconds .

========================================================================
Received Import Request.
  Time since last request: 91.445597 seconds.
  path: Assets/PlayerInputAction.inputactions
  artifactKey: Guid(639d4c6df7747924c944ffd412f3abf1) Importer(815301076,1909f56bfc062723c751e8b465ee728b)
Start importing Assets/PlayerInputAction.inputactions using Guid(639d4c6df7747924c944ffd412f3abf1) Importer(815301076,1909f56bfc062723c751e8b465ee728b)  -> (artifact id: '97ef04f62e0b4de264467d250e29977b') in 0.003583 seconds
  Import took 0.006656 seconds .

========================================================================
Received Prepare
Registering precompiled user dll's ...
Registered in 0.002433 seconds.
Begin MonoManager ReloadAssembly
Native extension for LinuxStandalone target not found
Native extension for WindowsStandalone target not found
Native extension for WebGL target not found
Refreshing native plugins compatible for Editor in 0.46 ms, found 2 plugins.
Preloading 0 native plugins for Editor in 0.00 ms.
Mono: successfully reloaded assembly
- Completed reload, in  0.838 seconds
Platform modules already initialized, skipping
Refreshing native plugins compatible for Editor in 0.40 ms, found 2 plugins.
Preloading 0 native plugins for Editor in 0.00 ms.
Unloading 1682 Unused Serialized files (Serialized files now loaded: 0)
System memory in use before: 76.0 MB.
System memory in use after: 76.1 MB.

Unloading 13 unused Assets to reduce memory usage. Loaded Objects now: 2128.
Total: 1.895300 ms (FindLiveObjects: 0.181800 ms CreateObjectMapping: 0.036400 ms MarkObjects: 1.658700 ms  DeleteObjects: 0.017300 ms)

========================================================================
Received Import Request.
  Time since last request: 5.179267 seconds.
  path: Assets/PlayerInputAction.cs
  artifactKey: Guid(d4af578261cdd2e4a9f277946da7e50d) Importer(815301076,1909f56bfc062723c751e8b465ee728b)
Start importing Assets/PlayerInputAction.cs using Guid(d4af578261cdd2e4a9f277946da7e50d) Importer(815301076,1909f56bfc062723c751e8b465ee728b)  -> (artifact id: 'f45285c5bb62025e34ed04c102f3aef0') in 0.009471 seconds
  Import took 0.016382 seconds .

========================================================================
Received Import Request.
  Time since last request: 0.011518 seconds.
  path: Assets/PlayerInputAction.cs
  artifactKey: Guid(d4af578261cdd2e4a9f277946da7e50d) Importer(815301076,1909f56bfc062723c751e8b465ee728b)
Start importing Assets/PlayerInputAction.cs using Guid(d4af578261cdd2e4a9f277946da7e50d) Importer(815301076,1909f56bfc062723c751e8b465ee728b)  -> (artifact id: 'f45285c5bb62025e34ed04c102f3aef0') in 0.002939 seconds
  Import took 0.005558 seconds .

========================================================================
Received Prepare
Registering precompiled user dll's ...
Registered in 0.002724 seconds.
Begin MonoManager ReloadAssembly
Native extension for LinuxStandalone target not found
Native extension for WindowsStandalone target not found
Native extension for WebGL target not found
Refreshing native plugins compatible for Editor in 0.41 ms, found 2 plugins.
Preloading 0 native plugins for Editor in 0.00 ms.
Mono: successfully reloaded assembly
- Completed reload, in  0.816 seconds
Platform modules already initialized, skipping
Refreshing native plugins compatible for Editor in 0.52 ms, found 2 plugins.
Preloading 0 native plugins for Editor in 0.00 ms.
Unloading 1682 Unused Serialized files (Serialized files now loaded: 0)
System memory in use before: 76.0 MB.
System memory in use after: 76.1 MB.

Unloading 13 unused Assets to reduce memory usage. Loaded Objects now: 2131.
Total: 2.130500 ms (FindLiveObjects: 0.226300 ms CreateObjectMapping: 0.039300 ms MarkObjects: 1.848600 ms  DeleteObjects: 0.015300 ms)

========================================================================
Received Import Request.
  Time since last request: 164.284738 seconds.
  path: Assets/PlayerInputAction.inputactions
  artifactKey: Guid(639d4c6df7747924c944ffd412f3abf1) Importer(815301076,1909f56bfc062723c751e8b465ee728b)
Start importing Assets/PlayerInputAction.inputactions using Guid(639d4c6df7747924c944ffd412f3abf1) Importer(815301076,1909f56bfc062723c751e8b465ee728b)  -> (artifact id: '047a183db22cfc88880fb6b88ad00eaa') in 0.017399 seconds
  Import took 0.020617 seconds .

========================================================================
Received Prepare
Registering precompiled user dll's ...
Registered in 0.002565 seconds.
Begin MonoManager ReloadAssembly
Native extension for LinuxStandalone target not found
Native extension for WindowsStandalone target not found
Native extension for WebGL target not found
Refreshing native plugins compatible for Editor in 0.42 ms, found 2 plugins.
Preloading 0 native plugins for Editor in 0.00 ms.
Mono: successfully reloaded assembly
- Completed reload, in  0.816 seconds
Platform modules already initialized, skipping
Refreshing native plugins compatible for Editor in 0.37 ms, found 2 plugins.
Preloading 0 native plugins for Editor in 0.00 ms.
Unloading 1682 Unused Serialized files (Serialized files now loaded: 0)
System memory in use before: 76.1 MB.
System memory in use after: 76.2 MB.

Unloading 13 unused Assets to reduce memory usage. Loaded Objects now: 2134.
Total: 1.959900 ms (FindLiveObjects: 0.189000 ms CreateObjectMapping: 0.035300 ms MarkObjects: 1.720100 ms  DeleteObjects: 0.014600 ms)

========================================================================
Received Prepare
Registering precompiled user dll's ...
Registered in 0.002785 seconds.
Begin MonoManager ReloadAssembly
Native extension for LinuxStandalone target not found
Native extension for WindowsStandalone target not found
Native extension for WebGL target not found
Refreshing native plugins compatible for Editor in 0.41 ms, found 2 plugins.
Preloading 0 native plugins for Editor in 0.00 ms.
Mono: successfully reloaded assembly
- Completed reload, in  0.824 seconds
Platform modules already initialized, skipping
Refreshing native plugins compatible for Editor in 0.39 ms, found 2 plugins.
Preloading 0 native plugins for Editor in 0.00 ms.
Unloading 1682 Unused Serialized files (Serialized files now loaded: 0)
System memory in use before: 76.1 MB.
System memory in use after: 76.2 MB.

Unloading 13 unused Assets to reduce memory usage. Loaded Objects now: 2137.
Total: 2.101400 ms (FindLiveObjects: 0.228000 ms CreateObjectMapping: 0.035500 ms MarkObjects: 1.818200 ms  DeleteObjects: 0.018000 ms)

========================================================================
Received Prepare
Registering precompiled user dll's ...
Registered in 0.002554 seconds.
Begin MonoManager ReloadAssembly
Native extension for LinuxStandalone target not found
Native extension for WindowsStandalone target not found
Native extension for WebGL target not found
Refreshing native plugins compatible for Editor in 0.44 ms, found 2 plugins.
Preloading 0 native plugins for Editor in 0.00 ms.
Mono: successfully reloaded assembly
- Completed reload, in  0.812 seconds
Platform modules already initialized, skipping
Refreshing native plugins compatible for Editor in 0.40 ms, found 2 plugins.
Preloading 0 native plugins for Editor in 0.00 ms.
Unloading 1682 Unused Serialized files (Serialized files now loaded: 0)
System memory in use before: 76.1 MB.
System memory in use after: 76.2 MB.

Unloading 13 unused Assets to reduce memory usage. Loaded Objects now: 2140.
Total: 2.325400 ms (FindLiveObjects: 0.193600 ms CreateObjectMapping: 0.037600 ms MarkObjects: 2.069200 ms  DeleteObjects: 0.023600 ms)

========================================================================
Received Prepare
Registering precompiled user dll's ...
Registered in 0.002542 seconds.
Begin MonoManager ReloadAssembly
Native extension for LinuxStandalone target not found
Native extension for WindowsStandalone target not found
Native extension for WebGL target not found
Refreshing native plugins compatible for Editor in 0.42 ms, found 2 plugins.
Preloading 0 native plugins for Editor in 0.00 ms.
Mono: successfully reloaded assembly
- Completed reload, in  0.822 seconds
Platform modules already initialized, skipping
Refreshing native plugins compatible for Editor in 0.39 ms, found 2 plugins.
Preloading 0 native plugins for Editor in 0.00 ms.
Unloading 1682 Unused Serialized files (Serialized files now loaded: 0)
System memory in use before: 76.1 MB.
System memory in use after: 76.2 MB.

Unloading 13 unused Assets to reduce memory usage. Loaded Objects now: 2143.
Total: 1.944200 ms (FindLiveObjects: 0.217000 ms CreateObjectMapping: 0.036100 ms MarkObjects: 1.675000 ms  DeleteObjects: 0.014500 ms)

========================================================================
Received Prepare
Registering precompiled user dll's ...
Registered in 0.003185 seconds.
Begin MonoManager ReloadAssembly
Native extension for LinuxStandalone target not found
Native extension for WindowsStandalone target not found
Native extension for WebGL target not found
Refreshing native plugins compatible for Editor in 0.42 ms, found 2 plugins.
Preloading 0 native plugins for Editor in 0.00 ms.
Mono: successfully reloaded assembly
- Completed reload, in  0.812 seconds
Platform modules already initialized, skipping
Refreshing native plugins compatible for Editor in 0.41 ms, found 2 plugins.
Preloading 0 native plugins for Editor in 0.00 ms.
Unloading 1682 Unused Serialized files (Serialized files now loaded: 0)
System memory in use before: 76.1 MB.
System memory in use after: 76.2 MB.

Unloading 13 unused Assets to reduce memory usage. Loaded Objects now: 2146.
Total: 1.945000 ms (FindLiveObjects: 0.222700 ms CreateObjectMapping: 0.036800 ms MarkObjects: 1.669100 ms  DeleteObjects: 0.015200 ms)

========================================================================
Received Prepare
Registering precompiled user dll's ...
Registered in 0.002415 seconds.
Begin MonoManager ReloadAssembly
Native extension for LinuxStandalone target not found
Native extension for WindowsStandalone target not found
Native extension for WebGL target not found
Refreshing native plugins compatible for Editor in 0.42 ms, found 2 plugins.
Preloading 0 native plugins for Editor in 0.00 ms.
Mono: successfully reloaded assembly
- Completed reload, in  0.798 seconds
Platform modules already initialized, skipping
Refreshing native plugins compatible for Editor in 0.40 ms, found 2 plugins.
Preloading 0 native plugins for Editor in 0.00 ms.
Unloading 1682 Unused Serialized files (Serialized files now loaded: 0)
System memory in use before: 76.1 MB.
System memory in use after: 76.2 MB.

Unloading 13 unused Assets to reduce memory usage. Loaded Objects now: 2149.
Total: 2.210900 ms (FindLiveObjects: 0.231700 ms CreateObjectMapping: 0.038100 ms MarkObjects: 1.923400 ms  DeleteObjects: 0.016400 ms)

========================================================================
Received Prepare
Registering precompiled user dll's ...
Registered in 0.002744 seconds.
Begin MonoManager ReloadAssembly
Native extension for LinuxStandalone target not found
Native extension for WindowsStandalone target not found
Native extension for WebGL target not found
Refreshing native plugins compatible for Editor in 0.43 ms, found 2 plugins.
Preloading 0 native plugins for Editor in 0.00 ms.
Mono: successfully reloaded assembly
- Completed reload, in  0.805 seconds
Platform modules already initialized, skipping
Refreshing native plugins compatible for Editor in 0.41 ms, found 2 plugins.
Preloading 0 native plugins for Editor in 0.00 ms.
Unloading 1682 Unused Serialized files (Serialized files now loaded: 0)
System memory in use before: 76.1 MB.
System memory in use after: 76.2 MB.

Unloading 13 unused Assets to reduce memory usage. Loaded Objects now: 2152.
Total: 1.928600 ms (FindLiveObjects: 0.218400 ms CreateObjectMapping: 0.035400 ms MarkObjects: 1.658700 ms  DeleteObjects: 0.014500 ms)

========================================================================
Received Prepare
Registering precompiled user dll's ...
Registered in 0.002649 seconds.
Begin MonoManager ReloadAssembly
Native extension for LinuxStandalone target not found
Native extension for WindowsStandalone target not found
Native extension for WebGL target not found
Refreshing native plugins compatible for Editor in 0.43 ms, found 2 plugins.
Preloading 0 native plugins for Editor in 0.00 ms.
Mono: successfully reloaded assembly
- Completed reload, in  0.811 seconds
Platform modules already initialized, skipping
Refreshing native plugins compatible for Editor in 0.39 ms, found 2 plugins.
Preloading 0 native plugins for Editor in 0.00 ms.
Unloading 1682 Unused Serialized files (Serialized files now loaded: 0)
System memory in use before: 76.1 MB.
System memory in use after: 76.2 MB.

Unloading 13 unused Assets to reduce memory usage. Loaded Objects now: 2155.
Total: 1.912700 ms (FindLiveObjects: 0.192600 ms CreateObjectMapping: 0.036100 ms MarkObjects: 1.668700 ms  DeleteObjects: 0.014400 ms)

========================================================================
Received Prepare
Registering precompiled user dll's ...
Registered in 0.002594 seconds.
Begin MonoManager ReloadAssembly
Native extension for LinuxStandalone target not found
Native extension for WindowsStandalone target not found
Native extension for WebGL target not found
Refreshing native plugins compatible for Editor in 0.42 ms, found 2 plugins.
Preloading 0 native plugins for Editor in 0.00 ms.
Mono: successfully reloaded assembly
- Completed reload, in  0.810 seconds
Platform modules already initialized, skipping
Refreshing native plugins compatible for Editor in 0.41 ms, found 2 plugins.
Preloading 0 native plugins for Editor in 0.00 ms.
Unloading 1682 Unused Serialized files (Serialized files now loaded: 0)
System memory in use before: 76.1 MB.
System memory in use after: 76.2 MB.

Unloading 13 unused Assets to reduce memory usage. Loaded Objects now: 2158.
Total: 1.910700 ms (FindLiveObjects: 0.181100 ms CreateObjectMapping: 0.037000 ms MarkObjects: 1.674400 ms  DeleteObjects: 0.016900 ms)

========================================================================
Received Prepare
Registering precompiled user dll's ...
Registered in 0.002503 seconds.
Begin MonoManager ReloadAssembly
Native extension for LinuxStandalone target not found
Native extension for WindowsStandalone target not found
Native extension for WebGL target not found
Refreshing native plugins compatible for Editor in 0.41 ms, found 2 plugins.
Preloading 0 native plugins for Editor in 0.00 ms.
Mono: successfully reloaded assembly
- Completed reload, in  0.812 seconds
Platform modules already initialized, skipping
Refreshing native plugins compatible for Editor in 0.39 ms, found 2 plugins.
Preloading 0 native plugins for Editor in 0.00 ms.
Unloading 1682 Unused Serialized files (Serialized files now loaded: 0)
System memory in use before: 76.1 MB.
System memory in use after: 76.2 MB.

Unloading 13 unused Assets to reduce memory usage. Loaded Objects now: 2161.
Total: 2.087800 ms (FindLiveObjects: 0.259600 ms CreateObjectMapping: 0.038700 ms MarkObjects: 1.772600 ms  DeleteObjects: 0.015400 ms)

========================================================================
Received Prepare
Registering precompiled user dll's ...
Registered in 0.002419 seconds.
Begin MonoManager ReloadAssembly
Native extension for LinuxStandalone target not found
Native extension for WindowsStandalone target not found
Native extension for WebGL target not found
Refreshing native plugins compatible for Editor in 0.41 ms, found 2 plugins.
Preloading 0 native plugins for Editor in 0.00 ms.
Mono: successfully reloaded assembly
- Completed reload, in  0.828 seconds
Platform modules already initialized, skipping
Refreshing native plugins compatible for Editor in 0.41 ms, found 2 plugins.
Preloading 0 native plugins for Editor in 0.00 ms.
Unloading 1682 Unused Serialized files (Serialized files now loaded: 0)
System memory in use before: 76.1 MB.
System memory in use after: 76.2 MB.

Unloading 13 unused Assets to reduce memory usage. Loaded Objects now: 2164.
Total: 1.969100 ms (FindLiveObjects: 0.232500 ms CreateObjectMapping: 0.035500 ms MarkObjects: 1.683900 ms  DeleteObjects: 0.015900 ms)

========================================================================
Received Prepare
Registering precompiled user dll's ...
Registered in 0.002521 seconds.
Begin MonoManager ReloadAssembly
Native extension for LinuxStandalone target not found
Native extension for WindowsStandalone target not found
Native extension for WebGL target not found
Refreshing native plugins compatible for Editor in 0.41 ms, found 2 plugins.
Preloading 0 native plugins for Editor in 0.00 ms.
Mono: successfully reloaded assembly
- Completed reload, in  0.809 seconds
Platform modules already initialized, skipping
Refreshing native plugins compatible for Editor in 0.47 ms, found 2 plugins.
Preloading 0 native plugins for Editor in 0.00 ms.
Unloading 1682 Unused Serialized files (Serialized files now loaded: 0)
System memory in use before: 76.1 MB.
System memory in use after: 76.2 MB.

Unloading 13 unused Assets to reduce memory usage. Loaded Objects now: 2167.
Total: 2.041800 ms (FindLiveObjects: 0.200100 ms CreateObjectMapping: 0.037000 ms MarkObjects: 1.787700 ms  DeleteObjects: 0.016100 ms)

========================================================================
Received Prepare
Registering precompiled user dll's ...
Registered in 0.002447 seconds.
Begin MonoManager ReloadAssembly
Native extension for LinuxStandalone target not found
Native extension for WindowsStandalone target not found
Native extension for WebGL target not found
Refreshing native plugins compatible for Editor in 0.41 ms, found 2 plugins.
Preloading 0 native plugins for Editor in 0.00 ms.
Mono: successfully reloaded assembly
- Completed reload, in  0.819 seconds
Platform modules already initialized, skipping
Refreshing native plugins compatible for Editor in 0.43 ms, found 2 plugins.
Preloading 0 native plugins for Editor in 0.00 ms.
Unloading 1682 Unused Serialized files (Serialized files now loaded: 0)
System memory in use before: 76.1 MB.
System memory in use after: 76.3 MB.

Unloading 13 unused Assets to reduce memory usage. Loaded Objects now: 2170.
Total: 2.197000 ms (FindLiveObjects: 0.221100 ms CreateObjectMapping: 0.036300 ms MarkObjects: 1.922800 ms  DeleteObjects: 0.015600 ms)

========================================================================
Received Prepare
Registering precompiled user dll's ...
Registered in 0.002681 seconds.
Begin MonoManager ReloadAssembly
Native extension for LinuxStandalone target not found
Native extension for WindowsStandalone target not found
Native extension for WebGL target not found
Refreshing native plugins compatible for Editor in 0.42 ms, found 2 plugins.
Preloading 0 native plugins for Editor in 0.00 ms.
Mono: successfully reloaded assembly
- Completed reload, in  0.820 seconds
Platform modules already initialized, skipping
Refreshing native plugins compatible for Editor in 0.46 ms, found 2 plugins.
Preloading 0 native plugins for Editor in 0.00 ms.
Unloading 1682 Unused Serialized files (Serialized files now loaded: 0)
System memory in use before: 76.1 MB.
System memory in use after: 76.3 MB.

Unloading 13 unused Assets to reduce memory usage. Loaded Objects now: 2173.
Total: 2.156100 ms (FindLiveObjects: 0.302600 ms CreateObjectMapping: 0.037900 ms MarkObjects: 1.798900 ms  DeleteObjects: 0.015300 ms)

========================================================================
Received Prepare
Registering precompiled user dll's ...
Registered in 0.002497 seconds.
Begin MonoManager ReloadAssembly
Native extension for LinuxStandalone target not found
Native extension for WindowsStandalone target not found
Native extension for WebGL target not found
Refreshing native plugins compatible for Editor in 0.41 ms, found 2 plugins.
Preloading 0 native plugins for Editor in 0.00 ms.
Mono: successfully reloaded assembly
- Completed reload, in  0.788 seconds
Platform modules already initialized, skipping
Refreshing native plugins compatible for Editor in 0.35 ms, found 2 plugins.
Preloading 0 native plugins for Editor in 0.00 ms.
Unloading 1682 Unused Serialized files (Serialized files now loaded: 0)
System memory in use before: 76.2 MB.
System memory in use after: 76.3 MB.

Unloading 13 unused Assets to reduce memory usage. Loaded Objects now: 2176.
Total: 1.883500 ms (FindLiveObjects: 0.177800 ms CreateObjectMapping: 0.037400 ms MarkObjects: 1.651200 ms  DeleteObjects: 0.016300 ms)

========================================================================
Received Prepare
Registering precompiled user dll's ...
Registered in 0.002514 seconds.
Begin MonoManager ReloadAssembly
Native extension for LinuxStandalone target not found
Native extension for WindowsStandalone target not found
Native extension for WebGL target not found
Refreshing native plugins compatible for Editor in 0.42 ms, found 2 plugins.
Preloading 0 native plugins for Editor in 0.00 ms.
Mono: successfully reloaded assembly
- Completed reload, in  0.768 seconds
Platform modules already initialized, skipping
Refreshing native plugins compatible for Editor in 0.39 ms, found 2 plugins.
Preloading 0 native plugins for Editor in 0.00 ms.
Unloading 1682 Unused Serialized files (Serialized files now loaded: 0)
System memory in use before: 76.2 MB.
System memory in use after: 76.3 MB.

Unloading 13 unused Assets to reduce memory usage. Loaded Objects now: 2179.
Total: 1.997800 ms (FindLiveObjects: 0.176700 ms CreateObjectMapping: 0.037100 ms MarkObjects: 1.767400 ms  DeleteObjects: 0.015700 ms)

========================================================================
Received Prepare
Registering precompiled user dll's ...
Registered in 0.002331 seconds.
Begin MonoManager ReloadAssembly
Native extension for LinuxStandalone target not found
Native extension for WindowsStandalone target not found
Native extension for WebGL target not found
Refreshing native plugins compatible for Editor in 0.40 ms, found 2 plugins.
Preloading 0 native plugins for Editor in 0.00 ms.
Mono: successfully reloaded assembly
- Completed reload, in  0.795 seconds
Platform modules already initialized, skipping
Refreshing native plugins compatible for Editor in 0.42 ms, found 2 plugins.
Preloading 0 native plugins for Editor in 0.00 ms.
Unloading 1682 Unused Serialized files (Serialized files now loaded: 0)
System memory in use before: 76.2 MB.
System memory in use after: 76.3 MB.

Unloading 13 unused Assets to reduce memory usage. Loaded Objects now: 2182.
Total: 2.080800 ms (FindLiveObjects: 0.229200 ms CreateObjectMapping: 0.035900 ms MarkObjects: 1.793800 ms  DeleteObjects: 0.020600 ms)

========================================================================
Received Prepare
Registering precompiled user dll's ...
Registered in 0.002415 seconds.
Begin MonoManager ReloadAssembly
Native extension for LinuxStandalone target not found
Native extension for WindowsStandalone target not found
Native extension for WebGL target not found
Refreshing native plugins compatible for Editor in 0.42 ms, found 2 plugins.
Preloading 0 native plugins for Editor in 0.00 ms.
Mono: successfully reloaded assembly
- Completed reload, in  0.800 seconds
Platform modules already initialized, skipping
Refreshing native plugins compatible for Editor in 0.34 ms, found 2 plugins.
Preloading 0 native plugins for Editor in 0.00 ms.
Unloading 1682 Unused Serialized files (Serialized files now loaded: 0)
System memory in use before: 76.2 MB.
System memory in use after: 76.3 MB.

Unloading 13 unused Assets to reduce memory usage. Loaded Objects now: 2185.
Total: 2.054700 ms (FindLiveObjects: 0.314600 ms CreateObjectMapping: 0.058600 ms MarkObjects: 1.665300 ms  DeleteObjects: 0.015200 ms)

========================================================================
Received Import Request.
  Time since last request: 2084.200977 seconds.
  path: Assets/Prefabs/Cell.prefab
  artifactKey: Guid(6e6b4c7c0815d684eaa5da7a83e2aa9c) Importer(815301076,1909f56bfc062723c751e8b465ee728b)
Start importing Assets/Prefabs/Cell.prefab using Guid(6e6b4c7c0815d684eaa5da7a83e2aa9c) Importer(815301076,1909f56bfc062723c751e8b465ee728b)  -> (artifact id: 'a5b21f268168a41c0ff2be4c5279f9d9') in 0.047001 seconds
  Import took 0.049966 seconds .

========================================================================
Received Import Request.
  Time since last request: 2.329007 seconds.
  path: Assets/Prefabs/Cell.prefab
  artifactKey: Guid(6e6b4c7c0815d684eaa5da7a83e2aa9c) Importer(815301076,1909f56bfc062723c751e8b465ee728b)
Start importing Assets/Prefabs/Cell.prefab using Guid(6e6b4c7c0815d684eaa5da7a83e2aa9c) Importer(815301076,1909f56bfc062723c751e8b465ee728b)  -> (artifact id: '24c7c1ae1c42e69f0b220c4473ba9c66') in 0.004907 seconds
  Import took 0.007755 seconds .

========================================================================
Received Prepare
Registering precompiled user dll's ...
Registered in 0.002410 seconds.
Begin MonoManager ReloadAssembly
Native extension for LinuxStandalone target not found
Native extension for WindowsStandalone target not found
Native extension for WebGL target not found
Refreshing native plugins compatible for Editor in 0.43 ms, found 2 plugins.
Preloading 0 native plugins for Editor in 0.00 ms.
Mono: successfully reloaded assembly
- Completed reload, in  0.795 seconds
Platform modules already initialized, skipping
Refreshing native plugins compatible for Editor in 0.38 ms, found 2 plugins.
Preloading 0 native plugins for Editor in 0.00 ms.
Unloading 1682 Unused Serialized files (Serialized files now loaded: 0)
System memory in use before: 76.3 MB.
System memory in use after: 76.4 MB.

Unloading 13 unused Assets to reduce memory usage. Loaded Objects now: 2190.
Total: 1.883000 ms (FindLiveObjects: 0.166200 ms CreateObjectMapping: 0.035700 ms MarkObjects: 1.666500 ms  DeleteObjects: 0.013900 ms)

========================================================================
Received Import Request.
  Time since last request: 45.337652 seconds.
  path: Assets/Prefabs/Cell.prefab
  artifactKey: Guid(6e6b4c7c0815d684eaa5da7a83e2aa9c) Importer(815301076,1909f56bfc062723c751e8b465ee728b)
Start importing Assets/Prefabs/Cell.prefab using Guid(6e6b4c7c0815d684eaa5da7a83e2aa9c) Importer(815301076,1909f56bfc062723c751e8b465ee728b)  -> (artifact id: 'f5653edc13cc0620b356bc8bfb26a05f') in 0.035716 seconds
  Import took 0.042478 seconds .

========================================================================
Received Import Request.
  Time since last request: 2.153201 seconds.
  path: Assets/Prefabs/Cell.prefab
  artifactKey: Guid(6e6b4c7c0815d684eaa5da7a83e2aa9c) Importer(815301076,1909f56bfc062723c751e8b465ee728b)
Start importing Assets/Prefabs/Cell.prefab using Guid(6e6b4c7c0815d684eaa5da7a83e2aa9c) Importer(815301076,1909f56bfc062723c751e8b465ee728b)  -> (artifact id: 'e78192c2debfe5a346d43a21db2aeb4d') in 0.005256 seconds
  Import took 0.008345 seconds .

========================================================================
Received Prepare
Registering precompiled user dll's ...
Registered in 0.002790 seconds.
Begin MonoManager ReloadAssembly
Native extension for LinuxStandalone target not found
Native extension for WindowsStandalone target not found
Native extension for WebGL target not found
Refreshing native plugins compatible for Editor in 0.41 ms, found 2 plugins.
Preloading 0 native plugins for Editor in 0.00 ms.
Mono: successfully reloaded assembly
- Completed reload, in  0.770 seconds
Platform modules already initialized, skipping
Refreshing native plugins compatible for Editor in 0.33 ms, found 2 plugins.
Preloading 0 native plugins for Editor in 0.00 ms.
Unloading 1682 Unused Serialized files (Serialized files now loaded: 0)
System memory in use before: 76.3 MB.
System memory in use after: 76.4 MB.

Unloading 13 unused Assets to reduce memory usage. Loaded Objects now: 2193.
Total: 1.911500 ms (FindLiveObjects: 0.170200 ms CreateObjectMapping: 0.035400 ms MarkObjects: 1.691500 ms  DeleteObjects: 0.013700 ms)

========================================================================
Received Prepare
Registering precompiled user dll's ...
Registered in 0.002508 seconds.
Begin MonoManager ReloadAssembly
Native extension for LinuxStandalone target not found
Native extension for WindowsStandalone target not found
Native extension for WebGL target not found
Refreshing native plugins compatible for Editor in 0.40 ms, found 2 plugins.
Preloading 0 native plugins for Editor in 0.00 ms.
Mono: successfully reloaded assembly
- Completed reload, in  0.773 seconds
Platform modules already initialized, skipping
Refreshing native plugins compatible for Editor in 0.32 ms, found 2 plugins.
Preloading 0 native plugins for Editor in 0.00 ms.
Unloading 1682 Unused Serialized files (Serialized files now loaded: 0)
System memory in use before: 76.3 MB.
System memory in use after: 76.4 MB.

Unloading 13 unused Assets to reduce memory usage. Loaded Objects now: 2196.
Total: 1.915600 ms (FindLiveObjects: 0.177100 ms CreateObjectMapping: 0.036900 ms MarkObjects: 1.681900 ms  DeleteObjects: 0.018700 ms)

========================================================================
Received Prepare
Registering precompiled user dll's ...
Registered in 0.002466 seconds.
Begin MonoManager ReloadAssembly
Native extension for LinuxStandalone target not found
Native extension for WindowsStandalone target not found
Native extension for WebGL target not found
Refreshing native plugins compatible for Editor in 0.41 ms, found 2 plugins.
Preloading 0 native plugins for Editor in 0.00 ms.
Mono: successfully reloaded assembly
- Completed reload, in  0.780 seconds
Platform modules already initialized, skipping
Refreshing native plugins compatible for Editor in 0.39 ms, found 2 plugins.
Preloading 0 native plugins for Editor in 0.00 ms.
Unloading 1682 Unused Serialized files (Serialized files now loaded: 0)
System memory in use before: 76.3 MB.
System memory in use after: 76.4 MB.

Unloading 13 unused Assets to reduce memory usage. Loaded Objects now: 2199.
Total: 2.123000 ms (FindLiveObjects: 0.171600 ms CreateObjectMapping: 0.035900 ms MarkObjects: 1.898300 ms  DeleteObjects: 0.016300 ms)

========================================================================
Received Prepare
Registering precompiled user dll's ...
Registered in 0.002382 seconds.
Begin MonoManager ReloadAssembly
Native extension for LinuxStandalone target not found
Native extension for WindowsStandalone target not found
Native extension for WebGL target not found
Refreshing native plugins compatible for Editor in 0.42 ms, found 2 plugins.
Preloading 0 native plugins for Editor in 0.00 ms.
Mono: successfully reloaded assembly
- Completed reload, in  0.786 seconds
Platform modules already initialized, skipping
Refreshing native plugins compatible for Editor in 0.41 ms, found 2 plugins.
Preloading 0 native plugins for Editor in 0.00 ms.
Unloading 1682 Unused Serialized files (Serialized files now loaded: 0)
System memory in use before: 76.3 MB.
System memory in use after: 76.4 MB.

Unloading 13 unused Assets to reduce memory usage. Loaded Objects now: 2202.
Total: 2.045300 ms (FindLiveObjects: 0.230600 ms CreateObjectMapping: 0.037900 ms MarkObjects: 1.760400 ms  DeleteObjects: 0.015300 ms)

========================================================================
Received Prepare
Registering precompiled user dll's ...
Registered in 0.002464 seconds.
Begin MonoManager ReloadAssembly
Native extension for LinuxStandalone target not found
Native extension for WindowsStandalone target not found
Native extension for WebGL target not found
Refreshing native plugins compatible for Editor in 0.45 ms, found 2 plugins.
Preloading 0 native plugins for Editor in 0.00 ms.
Mono: successfully reloaded assembly
- Completed reload, in  0.808 seconds
Platform modules already initialized, skipping
Refreshing native plugins compatible for Editor in 0.42 ms, found 2 plugins.
Preloading 0 native plugins for Editor in 0.00 ms.
Unloading 1682 Unused Serialized files (Serialized files now loaded: 0)
System memory in use before: 76.3 MB.
System memory in use after: 76.4 MB.

Unloading 13 unused Assets to reduce memory usage. Loaded Objects now: 2205.
Total: 2.063100 ms (FindLiveObjects: 0.228900 ms CreateObjectMapping: 0.041400 ms MarkObjects: 1.777600 ms  DeleteObjects: 0.014500 ms)

========================================================================
Received Prepare
Registering precompiled user dll's ...
Registered in 0.002450 seconds.
Begin MonoManager ReloadAssembly
Native extension for LinuxStandalone target not found
Native extension for WindowsStandalone target not found
Native extension for WebGL target not found
Refreshing native plugins compatible for Editor in 0.42 ms, found 2 plugins.
Preloading 0 native plugins for Editor in 0.00 ms.
Mono: successfully reloaded assembly
- Completed reload, in  0.772 seconds
Platform modules already initialized, skipping
Refreshing native plugins compatible for Editor in 0.33 ms, found 2 plugins.
Preloading 0 native plugins for Editor in 0.00 ms.
Unloading 1682 Unused Serialized files (Serialized files now loaded: 0)
System memory in use before: 76.3 MB.
System memory in use after: 76.4 MB.

Unloading 13 unused Assets to reduce memory usage. Loaded Objects now: 2208.
Total: 1.910200 ms (FindLiveObjects: 0.180300 ms CreateObjectMapping: 0.040400 ms MarkObjects: 1.673400 ms  DeleteObjects: 0.015100 ms)

========================================================================
Received Prepare
Registering precompiled user dll's ...
Registered in 0.002385 seconds.
Begin MonoManager ReloadAssembly
Native extension for LinuxStandalone target not found
Native extension for WindowsStandalone target not found
Native extension for WebGL target not found
Refreshing native plugins compatible for Editor in 0.41 ms, found 2 plugins.
Preloading 0 native plugins for Editor in 0.00 ms.
Mono: successfully reloaded assembly
- Completed reload, in  0.788 seconds
Platform modules already initialized, skipping
Refreshing native plugins compatible for Editor in 0.39 ms, found 2 plugins.
Preloading 0 native plugins for Editor in 0.00 ms.
Unloading 1682 Unused Serialized files (Serialized files now loaded: 0)
System memory in use before: 76.3 MB.
System memory in use after: 76.4 MB.

Unloading 13 unused Assets to reduce memory usage. Loaded Objects now: 2211.
Total: 1.929400 ms (FindLiveObjects: 0.182700 ms CreateObjectMapping: 0.036200 ms MarkObjects: 1.694400 ms  DeleteObjects: 0.015000 ms)

========================================================================
Received Prepare
Refreshing native plugins compatible for Editor in 2.20 ms, found 2 plugins.
Preloading 0 native plugins for Editor in 0.00 ms.
Unloading 11 Unused Serialized files (Serialized files now loaded: 0)
System memory in use before: 43.3 MB.
System memory in use after: 43.4 MB.

Unloading 11 unused Assets to reduce memory usage. Loaded Objects now: 2211.
Total: 2.027200 ms (FindLiveObjects: 0.214200 ms CreateObjectMapping: 0.035600 ms MarkObjects: 1.765800 ms  DeleteObjects: 0.010800 ms)

========================================================================
Received Prepare
Registering precompiled user dll's ...
Registered in 0.002501 seconds.
Begin MonoManager ReloadAssembly
Native extension for LinuxStandalone target not found
Native extension for WindowsStandalone target not found
Native extension for WebGL target not found
Refreshing native plugins compatible for Editor in 0.41 ms, found 2 plugins.
Preloading 0 native plugins for Editor in 0.00 ms.
Mono: successfully reloaded assembly
- Completed reload, in  0.788 seconds
Platform modules already initialized, skipping
Refreshing native plugins compatible for Editor in 0.31 ms, found 2 plugins.
Preloading 0 native plugins for Editor in 0.00 ms.
Unloading 1682 Unused Serialized files (Serialized files now loaded: 0)
System memory in use before: 76.3 MB.
System memory in use after: 76.4 MB.

Unloading 13 unused Assets to reduce memory usage. Loaded Objects now: 2214.
Total: 2.008500 ms (FindLiveObjects: 0.175500 ms CreateObjectMapping: 0.036900 ms MarkObjects: 1.779800 ms  DeleteObjects: 0.015200 ms)

========================================================================
Received Prepare
Registering precompiled user dll's ...
Registered in 0.002503 seconds.
Begin MonoManager ReloadAssembly
Native extension for LinuxStandalone target not found
Native extension for WindowsStandalone target not found
Native extension for WebGL target not found
Refreshing native plugins compatible for Editor in 0.40 ms, found 2 plugins.
Preloading 0 native plugins for Editor in 0.00 ms.
Mono: successfully reloaded assembly
- Completed reload, in  0.775 seconds
Platform modules already initialized, skipping
Refreshing native plugins compatible for Editor in 0.33 ms, found 2 plugins.
Preloading 0 native plugins for Editor in 0.00 ms.
Unloading 1682 Unused Serialized files (Serialized files now loaded: 0)
System memory in use before: 76.3 MB.
System memory in use after: 76.4 MB.

Unloading 13 unused Assets to reduce memory usage. Loaded Objects now: 2217.
Total: 1.906200 ms (FindLiveObjects: 0.214800 ms CreateObjectMapping: 0.036800 ms MarkObjects: 1.638400 ms  DeleteObjects: 0.015100 ms)

========================================================================
Received Prepare
Registering precompiled user dll's ...
Registered in 0.003412 seconds.
Begin MonoManager ReloadAssembly
Native extension for LinuxStandalone target not found
Native extension for WindowsStandalone target not found
Native extension for WebGL target not found
Refreshing native plugins compatible for Editor in 0.40 ms, found 2 plugins.
Preloading 0 native plugins for Editor in 0.00 ms.
Mono: successfully reloaded assembly
- Completed reload, in  0.784 seconds
Platform modules already initialized, skipping
Refreshing native plugins compatible for Editor in 0.40 ms, found 2 plugins.
Preloading 0 native plugins for Editor in 0.00 ms.
Unloading 1682 Unused Serialized files (Serialized files now loaded: 0)
System memory in use before: 76.3 MB.
System memory in use after: 76.4 MB.

Unloading 13 unused Assets to reduce memory usage. Loaded Objects now: 2220.
Total: 1.876400 ms (FindLiveObjects: 0.172400 ms CreateObjectMapping: 0.037300 ms MarkObjects: 1.650600 ms  DeleteObjects: 0.015100 ms)

========================================================================
Received Prepare
Registering precompiled user dll's ...
Registered in 0.002398 seconds.
Begin MonoManager ReloadAssembly
Native extension for LinuxStandalone target not found
Native extension for WindowsStandalone target not found
Native extension for WebGL target not found
Refreshing native plugins compatible for Editor in 0.47 ms, found 2 plugins.
Preloading 0 native plugins for Editor in 0.00 ms.
Mono: successfully reloaded assembly
- Completed reload, in  0.802 seconds
Platform modules already initialized, skipping
Refreshing native plugins compatible for Editor in 0.36 ms, found 2 plugins.
Preloading 0 native plugins for Editor in 0.00 ms.
Unloading 1682 Unused Serialized files (Serialized files now loaded: 0)
System memory in use before: 76.3 MB.
System memory in use after: 76.4 MB.

Unloading 13 unused Assets to reduce memory usage. Loaded Objects now: 2223.
Total: 1.918400 ms (FindLiveObjects: 0.181400 ms CreateObjectMapping: 0.037300 ms MarkObjects: 1.683800 ms  DeleteObjects: 0.014900 ms)

========================================================================
Received Prepare
Registering precompiled user dll's ...
Registered in 0.002363 seconds.
Begin MonoManager ReloadAssembly
Native extension for LinuxStandalone target not found
Native extension for WindowsStandalone target not found
Native extension for WebGL target not found
Refreshing native plugins compatible for Editor in 0.48 ms, found 2 plugins.
Preloading 0 native plugins for Editor in 0.00 ms.
Mono: successfully reloaded assembly
- Completed reload, in  0.789 seconds
Platform modules already initialized, skipping
Refreshing native plugins compatible for Editor in 0.38 ms, found 2 plugins.
Preloading 0 native plugins for Editor in 0.00 ms.
Unloading 1682 Unused Serialized files (Serialized files now loaded: 0)
System memory in use before: 76.3 MB.
System memory in use after: 76.4 MB.

Unloading 13 unused Assets to reduce memory usage. Loaded Objects now: 2226.
Total: 1.921700 ms (FindLiveObjects: 0.182100 ms CreateObjectMapping: 0.038600 ms MarkObjects: 1.686100 ms  DeleteObjects: 0.014000 ms)

========================================================================
Received Prepare
Registering precompiled user dll's ...
Registered in 0.002464 seconds.
Begin MonoManager ReloadAssembly
Native extension for LinuxStandalone target not found
Native extension for WindowsStandalone target not found
Native extension for WebGL target not found
Refreshing native plugins compatible for Editor in 0.40 ms, found 2 plugins.
Preloading 0 native plugins for Editor in 0.00 ms.
Mono: successfully reloaded assembly
- Completed reload, in  0.796 seconds
Platform modules already initialized, skipping
Refreshing native plugins compatible for Editor in 0.39 ms, found 2 plugins.
Preloading 0 native plugins for Editor in 0.00 ms.
Unloading 1682 Unused Serialized files (Serialized files now loaded: 0)
System memory in use before: 76.3 MB.
System memory in use after: 76.4 MB.

Unloading 13 unused Assets to reduce memory usage. Loaded Objects now: 2229.
Total: 1.998500 ms (FindLiveObjects: 0.242900 ms CreateObjectMapping: 0.035900 ms MarkObjects: 1.702500 ms  DeleteObjects: 0.015600 ms)

========================================================================
Received Prepare
Registering precompiled user dll's ...
Registered in 0.002370 seconds.
Begin MonoManager ReloadAssembly
Native extension for LinuxStandalone target not found
Native extension for WindowsStandalone target not found
Native extension for WebGL target not found
Refreshing native plugins compatible for Editor in 0.41 ms, found 2 plugins.
Preloading 0 native plugins for Editor in 0.00 ms.
Mono: successfully reloaded assembly
- Completed reload, in  0.772 seconds
Platform modules already initialized, skipping
Refreshing native plugins compatible for Editor in 0.37 ms, found 2 plugins.
Preloading 0 native plugins for Editor in 0.00 ms.
Unloading 1682 Unused Serialized files (Serialized files now loaded: 0)
System memory in use before: 76.3 MB.
System memory in use after: 76.5 MB.

Unloading 13 unused Assets to reduce memory usage. Loaded Objects now: 2232.
Total: 1.913900 ms (FindLiveObjects: 0.185400 ms CreateObjectMapping: 0.037100 ms MarkObjects: 1.674900 ms  DeleteObjects: 0.015500 ms)

========================================================================
Received Prepare
Registering precompiled user dll's ...
Registered in 0.002401 seconds.
Begin MonoManager ReloadAssembly
Native extension for LinuxStandalone target not found
Native extension for WindowsStandalone target not found
Native extension for WebGL target not found
Refreshing native plugins compatible for Editor in 0.41 ms, found 2 plugins.
Preloading 0 native plugins for Editor in 0.00 ms.
Mono: successfully reloaded assembly
- Completed reload, in  0.789 seconds
Platform modules already initialized, skipping
Refreshing native plugins compatible for Editor in 0.34 ms, found 2 plugins.
Preloading 0 native plugins for Editor in 0.00 ms.
Unloading 1682 Unused Serialized files (Serialized files now loaded: 0)
System memory in use before: 76.3 MB.
System memory in use after: 76.5 MB.

Unloading 13 unused Assets to reduce memory usage. Loaded Objects now: 2235.
Total: 1.946500 ms (FindLiveObjects: 0.185200 ms CreateObjectMapping: 0.037200 ms MarkObjects: 1.708900 ms  DeleteObjects: 0.014500 ms)

========================================================================
Received Prepare
Registering precompiled user dll's ...
Registered in 0.002515 seconds.
Begin MonoManager ReloadAssembly
Native extension for LinuxStandalone target not found
Native extension for WindowsStandalone target not found
Native extension for WebGL target not found
Refreshing native plugins compatible for Editor in 0.44 ms, found 2 plugins.
Preloading 0 native plugins for Editor in 0.00 ms.
Mono: successfully reloaded assembly
- Completed reload, in  0.818 seconds
Platform modules already initialized, skipping
Refreshing native plugins compatible for Editor in 0.36 ms, found 2 plugins.
Preloading 0 native plugins for Editor in 0.00 ms.
Unloading 1682 Unused Serialized files (Serialized files now loaded: 0)
System memory in use before: 76.4 MB.
System memory in use after: 76.5 MB.

Unloading 13 unused Assets to reduce memory usage. Loaded Objects now: 2238.
Total: 1.983900 ms (FindLiveObjects: 0.194700 ms CreateObjectMapping: 0.036900 ms MarkObjects: 1.733800 ms  DeleteObjects: 0.017400 ms)

========================================================================
Received Prepare
Registering precompiled user dll's ...
Registered in 0.002874 seconds.
Begin MonoManager ReloadAssembly
Native extension for LinuxStandalone target not found
Native extension for WindowsStandalone target not found
Native extension for WebGL target not found
Refreshing native plugins compatible for Editor in 0.41 ms, found 2 plugins.
Preloading 0 native plugins for Editor in 0.00 ms.
Mono: successfully reloaded assembly
- Completed reload, in  0.769 seconds
Platform modules already initialized, skipping
Refreshing native plugins compatible for Editor in 0.40 ms, found 2 plugins.
Preloading 0 native plugins for Editor in 0.00 ms.
Unloading 1682 Unused Serialized files (Serialized files now loaded: 0)
System memory in use before: 76.4 MB.
System memory in use after: 76.5 MB.

Unloading 13 unused Assets to reduce memory usage. Loaded Objects now: 2241.
Total: 1.954600 ms (FindLiveObjects: 0.214500 ms CreateObjectMapping: 0.035900 ms MarkObjects: 1.688900 ms  DeleteObjects: 0.014500 ms)

========================================================================
Received Prepare
Registering precompiled user dll's ...
Registered in 0.002450 seconds.
Begin MonoManager ReloadAssembly
Native extension for LinuxStandalone target not found
Native extension for WindowsStandalone target not found
Native extension for WebGL target not found
Refreshing native plugins compatible for Editor in 0.46 ms, found 2 plugins.
Preloading 0 native plugins for Editor in 0.00 ms.
Mono: successfully reloaded assembly
- Completed reload, in  0.792 seconds
Platform modules already initialized, skipping
Refreshing native plugins compatible for Editor in 0.42 ms, found 2 plugins.
Preloading 0 native plugins for Editor in 0.00 ms.
Unloading 1682 Unused Serialized files (Serialized files now loaded: 0)
System memory in use before: 76.4 MB.
System memory in use after: 76.5 MB.

Unloading 13 unused Assets to reduce memory usage. Loaded Objects now: 2244.
Total: 1.971800 ms (FindLiveObjects: 0.228300 ms CreateObjectMapping: 0.035900 ms MarkObjects: 1.693000 ms  DeleteObjects: 0.013900 ms)

========================================================================
Received Prepare
Registering precompiled user dll's ...
Registered in 0.002552 seconds.
Begin MonoManager ReloadAssembly
Native extension for LinuxStandalone target not found
Native extension for WindowsStandalone target not found
Native extension for WebGL target not found
Refreshing native plugins compatible for Editor in 0.40 ms, found 2 plugins.
Preloading 0 native plugins for Editor in 0.00 ms.
Mono: successfully reloaded assembly
- Completed reload, in  0.777 seconds
Platform modules already initialized, skipping
Refreshing native plugins compatible for Editor in 0.34 ms, found 2 plugins.
Preloading 0 native plugins for Editor in 0.00 ms.
Unloading 1682 Unused Serialized files (Serialized files now loaded: 0)
System memory in use before: 76.4 MB.
System memory in use after: 76.5 MB.

Unloading 13 unused Assets to reduce memory usage. Loaded Objects now: 2247.
Total: 1.931500 ms (FindLiveObjects: 0.179900 ms CreateObjectMapping: 0.036200 ms MarkObjects: 1.700900 ms  DeleteObjects: 0.013400 ms)

========================================================================
Received Prepare
Registering precompiled user dll's ...
Registered in 0.002266 seconds.
Begin MonoManager ReloadAssembly
Native extension for LinuxStandalone target not found
Native extension for WindowsStandalone target not found
Native extension for WebGL target not found
Refreshing native plugins compatible for Editor in 0.41 ms, found 2 plugins.
Preloading 0 native plugins for Editor in 0.00 ms.
Mono: successfully reloaded assembly
- Completed reload, in  0.782 seconds
Platform modules already initialized, skipping
Refreshing native plugins compatible for Editor in 0.33 ms, found 2 plugins.
Preloading 0 native plugins for Editor in 0.00 ms.
Unloading 1682 Unused Serialized files (Serialized files now loaded: 0)
System memory in use before: 76.4 MB.
System memory in use after: 76.5 MB.

Unloading 13 unused Assets to reduce memory usage. Loaded Objects now: 2250.
Total: 1.909500 ms (FindLiveObjects: 0.202900 ms CreateObjectMapping: 0.035200 ms MarkObjects: 1.656900 ms  DeleteObjects: 0.013800 ms)

========================================================================
Received Prepare
Registering precompiled user dll's ...
Registered in 0.002445 seconds.
Begin MonoManager ReloadAssembly
Native extension for LinuxStandalone target not found
Native extension for WindowsStandalone target not found
Native extension for WebGL target not found
Refreshing native plugins compatible for Editor in 0.41 ms, found 2 plugins.
Preloading 0 native plugins for Editor in 0.00 ms.
Mono: successfully reloaded assembly
- Completed reload, in  0.778 seconds
Platform modules already initialized, skipping
Refreshing native plugins compatible for Editor in 0.38 ms, found 2 plugins.
Preloading 0 native plugins for Editor in 0.00 ms.
Unloading 1682 Unused Serialized files (Serialized files now loaded: 0)
System memory in use before: 76.4 MB.
System memory in use after: 76.5 MB.

Unloading 13 unused Assets to reduce memory usage. Loaded Objects now: 2253.
Total: 1.911300 ms (FindLiveObjects: 0.174900 ms CreateObjectMapping: 0.039400 ms MarkObjects: 1.681700 ms  DeleteObjects: 0.013900 ms)

========================================================================
Received Prepare
Registering precompiled user dll's ...
Registered in 0.002573 seconds.
Begin MonoManager ReloadAssembly
Native extension for LinuxStandalone target not found
Native extension for WindowsStandalone target not found
Native extension for WebGL target not found
Refreshing native plugins compatible for Editor in 0.44 ms, found 2 plugins.
Preloading 0 native plugins for Editor in 0.00 ms.
Mono: successfully reloaded assembly
- Completed reload, in  0.796 seconds
Platform modules already initialized, skipping
Refreshing native plugins compatible for Editor in 0.40 ms, found 2 plugins.
Preloading 0 native plugins for Editor in 0.00 ms.
Unloading 1682 Unused Serialized files (Serialized files now loaded: 0)
System memory in use before: 76.4 MB.
System memory in use after: 76.5 MB.

Unloading 13 unused Assets to reduce memory usage. Loaded Objects now: 2256.
Total: 2.161800 ms (FindLiveObjects: 0.221000 ms CreateObjectMapping: 0.038000 ms MarkObjects: 1.884800 ms  DeleteObjects: 0.016500 ms)

========================================================================
Received Prepare
Registering precompiled user dll's ...
Registered in 0.002432 seconds.
Begin MonoManager ReloadAssembly
Native extension for LinuxStandalone target not found
Native extension for WindowsStandalone target not found
Native extension for WebGL target not found
Refreshing native plugins compatible for Editor in 0.42 ms, found 2 plugins.
Preloading 0 native plugins for Editor in 0.00 ms.
Mono: successfully reloaded assembly
- Completed reload, in  0.786 seconds
Platform modules already initialized, skipping
Refreshing native plugins compatible for Editor in 0.33 ms, found 2 plugins.
Preloading 0 native plugins for Editor in 0.00 ms.
Unloading 1682 Unused Serialized files (Serialized files now loaded: 0)
System memory in use before: 76.5 MB.
System memory in use after: 76.6 MB.

Unloading 13 unused Assets to reduce memory usage. Loaded Objects now: 2259.
Total: 2.071700 ms (FindLiveObjects: 0.181500 ms CreateObjectMapping: 0.037600 ms MarkObjects: 1.835700 ms  DeleteObjects: 0.015900 ms)

========================================================================
Received Prepare
Registering precompiled user dll's ...
Registered in 0.002400 seconds.
Begin MonoManager ReloadAssembly
Native extension for LinuxStandalone target not found
Native extension for WindowsStandalone target not found
Native extension for WebGL target not found
Refreshing native plugins compatible for Editor in 0.42 ms, found 2 plugins.
Preloading 0 native plugins for Editor in 0.00 ms.
Mono: successfully reloaded assembly
- Completed reload, in  0.770 seconds
Platform modules already initialized, skipping
Refreshing native plugins compatible for Editor in 0.45 ms, found 2 plugins.
Preloading 0 native plugins for Editor in 0.00 ms.
Unloading 1682 Unused Serialized files (Serialized files now loaded: 0)
System memory in use before: 76.5 MB.
System memory in use after: 76.6 MB.

Unloading 13 unused Assets to reduce memory usage. Loaded Objects now: 2262.
Total: 2.009800 ms (FindLiveObjects: 0.220200 ms CreateObjectMapping: 0.036200 ms MarkObjects: 1.738200 ms  DeleteObjects: 0.014200 ms)

========================================================================
Received Prepare
Registering precompiled user dll's ...
Registered in 0.002459 seconds.
Begin MonoManager ReloadAssembly
Native extension for LinuxStandalone target not found
Native extension for WindowsStandalone target not found
Native extension for WebGL target not found
Refreshing native plugins compatible for Editor in 0.41 ms, found 2 plugins.
Preloading 0 native plugins for Editor in 0.00 ms.
Mono: successfully reloaded assembly
- Completed reload, in  0.773 seconds
Platform modules already initialized, skipping
Refreshing native plugins compatible for Editor in 0.36 ms, found 2 plugins.
Preloading 0 native plugins for Editor in 0.00 ms.
Unloading 1682 Unused Serialized files (Serialized files now loaded: 0)
System memory in use before: 76.5 MB.
System memory in use after: 76.6 MB.

Unloading 13 unused Assets to reduce memory usage. Loaded Objects now: 2265.
Total: 1.939300 ms (FindLiveObjects: 0.203800 ms CreateObjectMapping: 0.037300 ms MarkObjects: 1.683100 ms  DeleteObjects: 0.014000 ms)

========================================================================
Received Prepare
Registering precompiled user dll's ...
Registered in 0.002416 seconds.
Begin MonoManager ReloadAssembly
Native extension for LinuxStandalone target not found
Native extension for WindowsStandalone target not found
Native extension for WebGL target not found
Refreshing native plugins compatible for Editor in 0.43 ms, found 2 plugins.
Preloading 0 native plugins for Editor in 0.00 ms.
Mono: successfully reloaded assembly
- Completed reload, in  0.788 seconds
Platform modules already initialized, skipping
Refreshing native plugins compatible for Editor in 0.33 ms, found 2 plugins.
Preloading 0 native plugins for Editor in 0.00 ms.
Unloading 1682 Unused Serialized files (Serialized files now loaded: 0)
System memory in use before: 76.5 MB.
System memory in use after: 76.6 MB.

Unloading 13 unused Assets to reduce memory usage. Loaded Objects now: 2268.
Total: 1.962100 ms (FindLiveObjects: 0.210000 ms CreateObjectMapping: 0.036200 ms MarkObjects: 1.700700 ms  DeleteObjects: 0.014300 ms)

========================================================================
Received Prepare
Registering precompiled user dll's ...
Registered in 0.006452 seconds.
Begin MonoManager ReloadAssembly
Native extension for LinuxStandalone target not found
Native extension for WindowsStandalone target not found
Native extension for WebGL target not found
Refreshing native plugins compatible for Editor in 0.41 ms, found 2 plugins.
Preloading 0 native plugins for Editor in 0.00 ms.
Mono: successfully reloaded assembly
- Completed reload, in  0.777 seconds
Platform modules already initialized, skipping
Refreshing native plugins compatible for Editor in 0.40 ms, found 2 plugins.
Preloading 0 native plugins for Editor in 0.00 ms.
Unloading 1682 Unused Serialized files (Serialized files now loaded: 0)
System memory in use before: 76.5 MB.
System memory in use after: 76.6 MB.

Unloading 13 unused Assets to reduce memory usage. Loaded Objects now: 2271.
Total: 1.975200 ms (FindLiveObjects: 0.194100 ms CreateObjectMapping: 0.036700 ms MarkObjects: 1.728700 ms  DeleteObjects: 0.014800 ms)

========================================================================
Received Prepare
Registering precompiled user dll's ...
Registered in 0.002525 seconds.
Begin MonoManager ReloadAssembly
Native extension for LinuxStandalone target not found
Native extension for WindowsStandalone target not found
Native extension for WebGL target not found
Refreshing native plugins compatible for Editor in 0.41 ms, found 2 plugins.
Preloading 0 native plugins for Editor in 0.00 ms.
Mono: successfully reloaded assembly
- Completed reload, in  0.770 seconds
Platform modules already initialized, skipping
Refreshing native plugins compatible for Editor in 0.32 ms, found 2 plugins.
Preloading 0 native plugins for Editor in 0.00 ms.
Unloading 1682 Unused Serialized files (Serialized files now loaded: 0)
System memory in use before: 76.5 MB.
System memory in use after: 76.6 MB.

Unloading 13 unused Assets to reduce memory usage. Loaded Objects now: 2274.
Total: 1.929500 ms (FindLiveObjects: 0.192400 ms CreateObjectMapping: 0.036900 ms MarkObjects: 1.685100 ms  DeleteObjects: 0.014100 ms)

========================================================================
Received Prepare
Registering precompiled user dll's ...
Registered in 0.002356 seconds.
Begin MonoManager ReloadAssembly
Native extension for LinuxStandalone target not found
Native extension for WindowsStandalone target not found
Native extension for WebGL target not found
Refreshing native plugins compatible for Editor in 0.41 ms, found 2 plugins.
Preloading 0 native plugins for Editor in 0.00 ms.
Mono: successfully reloaded assembly
- Completed reload, in  0.774 seconds
Platform modules already initialized, skipping
Refreshing native plugins compatible for Editor in 0.34 ms, found 2 plugins.
Preloading 0 native plugins for Editor in 0.00 ms.
Unloading 1682 Unused Serialized files (Serialized files now loaded: 0)
System memory in use before: 76.5 MB.
System memory in use after: 76.6 MB.

Unloading 13 unused Assets to reduce memory usage. Loaded Objects now: 2277.
Total: 2.046700 ms (FindLiveObjects: 0.250700 ms CreateObjectMapping: 0.038200 ms MarkObjects: 1.741500 ms  DeleteObjects: 0.015000 ms)

========================================================================
Received Prepare
Registering precompiled user dll's ...
Registered in 0.002548 seconds.
Begin MonoManager ReloadAssembly
Native extension for LinuxStandalone target not found
Native extension for WindowsStandalone target not found
Native extension for WebGL target not found
Refreshing native plugins compatible for Editor in 0.41 ms, found 2 plugins.
Preloading 0 native plugins for Editor in 0.00 ms.
Mono: successfully reloaded assembly
- Completed reload, in  0.770 seconds
Platform modules already initialized, skipping
Refreshing native plugins compatible for Editor in 0.35 ms, found 2 plugins.
Preloading 0 native plugins for Editor in 0.00 ms.
Unloading 1682 Unused Serialized files (Serialized files now loaded: 0)
System memory in use before: 76.5 MB.
System memory in use after: 76.6 MB.

Unloading 13 unused Assets to reduce memory usage. Loaded Objects now: 2280.
Total: 2.053400 ms (FindLiveObjects: 0.208100 ms CreateObjectMapping: 0.035400 ms MarkObjects: 1.790000 ms  DeleteObjects: 0.019000 ms)

========================================================================
Received Prepare
Registering precompiled user dll's ...
Registered in 0.002666 seconds.
Begin MonoManager ReloadAssembly
Native extension for LinuxStandalone target not found
Native extension for WindowsStandalone target not found
Native extension for WebGL target not found
Refreshing native plugins compatible for Editor in 0.41 ms, found 2 plugins.
Preloading 0 native plugins for Editor in 0.00 ms.
Mono: successfully reloaded assembly
- Completed reload, in  0.762 seconds
Platform modules already initialized, skipping
Refreshing native plugins compatible for Editor in 0.39 ms, found 2 plugins.
Preloading 0 native plugins for Editor in 0.00 ms.
Unloading 1682 Unused Serialized files (Serialized files now loaded: 0)
System memory in use before: 76.5 MB.
System memory in use after: 76.7 MB.

Unloading 13 unused Assets to reduce memory usage. Loaded Objects now: 2283.
Total: 1.921500 ms (FindLiveObjects: 0.192400 ms CreateObjectMapping: 0.037200 ms MarkObjects: 1.676100 ms  DeleteObjects: 0.015000 ms)

========================================================================
Received Prepare
Registering precompiled user dll's ...
Registered in 0.002457 seconds.
Begin MonoManager ReloadAssembly
Native extension for LinuxStandalone target not found
Native extension for WindowsStandalone target not found
Native extension for WebGL target not found
Refreshing native plugins compatible for Editor in 0.42 ms, found 2 plugins.
Preloading 0 native plugins for Editor in 0.00 ms.
Mono: successfully reloaded assembly
- Completed reload, in  0.788 seconds
Platform modules already initialized, skipping
Refreshing native plugins compatible for Editor in 0.35 ms, found 2 plugins.
Preloading 0 native plugins for Editor in 0.00 ms.
Unloading 1682 Unused Serialized files (Serialized files now loaded: 0)
System memory in use before: 76.5 MB.
System memory in use after: 76.7 MB.

Unloading 13 unused Assets to reduce memory usage. Loaded Objects now: 2286.
Total: 1.979700 ms (FindLiveObjects: 0.210100 ms CreateObjectMapping: 0.036500 ms MarkObjects: 1.717600 ms  DeleteObjects: 0.014400 ms)

========================================================================
Received Prepare
Registering precompiled user dll's ...
Registered in 0.002759 seconds.
Begin MonoManager ReloadAssembly
Native extension for LinuxStandalone target not found
Native extension for WindowsStandalone target not found
Native extension for WebGL target not found
Refreshing native plugins compatible for Editor in 0.44 ms, found 2 plugins.
Preloading 0 native plugins for Editor in 0.00 ms.
Mono: successfully reloaded assembly
- Completed reload, in  0.819 seconds
Platform modules already initialized, skipping
Refreshing native plugins compatible for Editor in 0.33 ms, found 2 plugins.
Preloading 0 native plugins for Editor in 0.00 ms.
Unloading 1682 Unused Serialized files (Serialized files now loaded: 0)
System memory in use before: 76.6 MB.
System memory in use after: 76.7 MB.

Unloading 13 unused Assets to reduce memory usage. Loaded Objects now: 2289.
Total: 2.011000 ms (FindLiveObjects: 0.212200 ms CreateObjectMapping: 0.049700 ms MarkObjects: 1.733700 ms  DeleteObjects: 0.014200 ms)

========================================================================
Received Prepare
Registering precompiled user dll's ...
Registered in 0.002568 seconds.
Begin MonoManager ReloadAssembly
Native extension for LinuxStandalone target not found
Native extension for WindowsStandalone target not found
Native extension for WebGL target not found
Refreshing native plugins compatible for Editor in 0.42 ms, found 2 plugins.
Preloading 0 native plugins for Editor in 0.00 ms.
Mono: successfully reloaded assembly
- Completed reload, in  0.788 seconds
Platform modules already initialized, skipping
Refreshing native plugins compatible for Editor in 0.35 ms, found 2 plugins.
Preloading 0 native plugins for Editor in 0.00 ms.
Unloading 1682 Unused Serialized files (Serialized files now loaded: 0)
System memory in use before: 76.6 MB.
System memory in use after: 76.7 MB.

Unloading 13 unused Assets to reduce memory usage. Loaded Objects now: 2292.
Total: 1.936600 ms (FindLiveObjects: 0.210300 ms CreateObjectMapping: 0.036000 ms MarkObjects: 1.675600 ms  DeleteObjects: 0.013900 ms)

========================================================================
Received Prepare
Registering precompiled user dll's ...
Registered in 0.002408 seconds.
Begin MonoManager ReloadAssembly
Native extension for LinuxStandalone target not found
Native extension for WindowsStandalone target not found
Native extension for WebGL target not found
Refreshing native plugins compatible for Editor in 0.40 ms, found 2 plugins.
Preloading 0 native plugins for Editor in 0.00 ms.
Mono: successfully reloaded assembly
- Completed reload, in  0.769 seconds
Platform modules already initialized, skipping
Refreshing native plugins compatible for Editor in 0.42 ms, found 2 plugins.
Preloading 0 native plugins for Editor in 0.00 ms.
Unloading 1682 Unused Serialized files (Serialized files now loaded: 0)
System memory in use before: 76.6 MB.
System memory in use after: 76.7 MB.

Unloading 13 unused Assets to reduce memory usage. Loaded Objects now: 2295.
Total: 2.443800 ms (FindLiveObjects: 0.205800 ms CreateObjectMapping: 0.038100 ms MarkObjects: 2.181500 ms  DeleteObjects: 0.017300 ms)

========================================================================
Received Prepare
Registering precompiled user dll's ...
Registered in 0.002524 seconds.
Begin MonoManager ReloadAssembly
Native extension for LinuxStandalone target not found
Native extension for WindowsStandalone target not found
Native extension for WebGL target not found
Refreshing native plugins compatible for Editor in 0.41 ms, found 2 plugins.
Preloading 0 native plugins for Editor in 0.00 ms.
Mono: successfully reloaded assembly
- Completed reload, in  0.784 seconds
Platform modules already initialized, skipping
Refreshing native plugins compatible for Editor in 0.37 ms, found 2 plugins.
Preloading 0 native plugins for Editor in 0.00 ms.
Unloading 1682 Unused Serialized files (Serialized files now loaded: 0)
System memory in use before: 76.6 MB.
System memory in use after: 76.7 MB.

Unloading 13 unused Assets to reduce memory usage. Loaded Objects now: 2298.
Total: 1.999200 ms (FindLiveObjects: 0.240800 ms CreateObjectMapping: 0.037500 ms MarkObjects: 1.704900 ms  DeleteObjects: 0.015400 ms)

========================================================================
Received Prepare
Registering precompiled user dll's ...
Registered in 0.002511 seconds.
Begin MonoManager ReloadAssembly
Native extension for LinuxStandalone target not found
Native extension for WindowsStandalone target not found
Native extension for WebGL target not found
Refreshing native plugins compatible for Editor in 0.42 ms, found 2 plugins.
Preloading 0 native plugins for Editor in 0.00 ms.
Mono: successfully reloaded assembly
- Completed reload, in  0.778 seconds
Platform modules already initialized, skipping
Refreshing native plugins compatible for Editor in 0.35 ms, found 2 plugins.
Preloading 0 native plugins for Editor in 0.00 ms.
Unloading 1682 Unused Serialized files (Serialized files now loaded: 0)
System memory in use before: 76.6 MB.
System memory in use after: 76.7 MB.

Unloading 13 unused Assets to reduce memory usage. Loaded Objects now: 2301.
Total: 1.941700 ms (FindLiveObjects: 0.210300 ms CreateObjectMapping: 0.036900 ms MarkObjects: 1.679900 ms  DeleteObjects: 0.013800 ms)

========================================================================
Received Prepare
Registering precompiled user dll's ...
Registered in 0.002255 seconds.
Begin MonoManager ReloadAssembly
Native extension for LinuxStandalone target not found
Native extension for WindowsStandalone target not found
Native extension for WebGL target not found
Refreshing native plugins compatible for Editor in 0.40 ms, found 2 plugins.
Preloading 0 native plugins for Editor in 0.00 ms.
Mono: successfully reloaded assembly
- Completed reload, in  0.793 seconds
Platform modules already initialized, skipping
Refreshing native plugins compatible for Editor in 0.35 ms, found 2 plugins.
Preloading 0 native plugins for Editor in 0.00 ms.
Unloading 1682 Unused Serialized files (Serialized files now loaded: 0)
System memory in use before: 76.6 MB.
System memory in use after: 76.7 MB.

Unloading 13 unused Assets to reduce memory usage. Loaded Objects now: 2304.
Total: 1.951700 ms (FindLiveObjects: 0.227600 ms CreateObjectMapping: 0.036200 ms MarkObjects: 1.668600 ms  DeleteObjects: 0.018300 ms)

========================================================================
Received Prepare
Registering precompiled user dll's ...
Registered in 0.002416 seconds.
Begin MonoManager ReloadAssembly
Native extension for LinuxStandalone target not found
Native extension for WindowsStandalone target not found
Native extension for WebGL target not found
Refreshing native plugins compatible for Editor in 0.51 ms, found 2 plugins.
Preloading 0 native plugins for Editor in 0.00 ms.
Mono: successfully reloaded assembly
- Completed reload, in  0.787 seconds
Platform modules already initialized, skipping
Refreshing native plugins compatible for Editor in 0.35 ms, found 2 plugins.
Preloading 0 native plugins for Editor in 0.00 ms.
Unloading 1682 Unused Serialized files (Serialized files now loaded: 0)
System memory in use before: 76.6 MB.
System memory in use after: 76.7 MB.

Unloading 13 unused Assets to reduce memory usage. Loaded Objects now: 2307.
Total: 1.948000 ms (FindLiveObjects: 0.208600 ms CreateObjectMapping: 0.035300 ms MarkObjects: 1.689300 ms  DeleteObjects: 0.014000 ms)

========================================================================
Received Prepare
Registering precompiled user dll's ...
Registered in 0.002653 seconds.
Begin MonoManager ReloadAssembly
Native extension for LinuxStandalone target not found
Native extension for WindowsStandalone target not found
Native extension for WebGL target not found
Refreshing native plugins compatible for Editor in 0.45 ms, found 2 plugins.
Preloading 0 native plugins for Editor in 0.00 ms.
Mono: successfully reloaded assembly
- Completed reload, in  0.782 seconds
Platform modules already initialized, skipping
Refreshing native plugins compatible for Editor in 0.38 ms, found 2 plugins.
Preloading 0 native plugins for Editor in 0.00 ms.
Unloading 1682 Unused Serialized files (Serialized files now loaded: 0)
System memory in use before: 76.6 MB.
System memory in use after: 76.7 MB.

Unloading 13 unused Assets to reduce memory usage. Loaded Objects now: 2310.
Total: 2.076600 ms (FindLiveObjects: 0.228100 ms CreateObjectMapping: 0.037100 ms MarkObjects: 1.795600 ms  DeleteObjects: 0.014900 ms)

========================================================================
Received Prepare
Registering precompiled user dll's ...
Registered in 0.002382 seconds.
Begin MonoManager ReloadAssembly
Native extension for LinuxStandalone target not found
Native extension for WindowsStandalone target not found
Native extension for WebGL target not found
Refreshing native plugins compatible for Editor in 0.41 ms, found 2 plugins.
Preloading 0 native plugins for Editor in 0.00 ms.
Mono: successfully reloaded assembly
- Completed reload, in  0.774 seconds
Platform modules already initialized, skipping
Refreshing native plugins compatible for Editor in 0.33 ms, found 2 plugins.
Preloading 0 native plugins for Editor in 0.00 ms.
Unloading 1682 Unused Serialized files (Serialized files now loaded: 0)
System memory in use before: 76.6 MB.
System memory in use after: 76.7 MB.

Unloading 13 unused Assets to reduce memory usage. Loaded Objects now: 2313.
Total: 1.924200 ms (FindLiveObjects: 0.182400 ms CreateObjectMapping: 0.036200 ms MarkObjects: 1.690300 ms  DeleteObjects: 0.014600 ms)

========================================================================
Received Prepare
Registering precompiled user dll's ...
Registered in 0.002490 seconds.
Begin MonoManager ReloadAssembly
Native extension for LinuxStandalone target not found
Native extension for WindowsStandalone target not found
Native extension for WebGL target not found
Refreshing native plugins compatible for Editor in 0.40 ms, found 2 plugins.
Preloading 0 native plugins for Editor in 0.00 ms.
Mono: successfully reloaded assembly
- Completed reload, in  0.766 seconds
Platform modules already initialized, skipping
Refreshing native plugins compatible for Editor in 0.37 ms, found 2 plugins.
Preloading 0 native plugins for Editor in 0.00 ms.
Unloading 1682 Unused Serialized files (Serialized files now loaded: 0)
System memory in use before: 76.6 MB.
System memory in use after: 76.7 MB.

Unloading 13 unused Assets to reduce memory usage. Loaded Objects now: 2316.
Total: 2.005300 ms (FindLiveObjects: 0.236900 ms CreateObjectMapping: 0.040600 ms MarkObjects: 1.712100 ms  DeleteObjects: 0.014400 ms)

========================================================================
Received Prepare
Registering precompiled user dll's ...
Registered in 0.002415 seconds.
Begin MonoManager ReloadAssembly
Native extension for LinuxStandalone target not found
Native extension for WindowsStandalone target not found
Native extension for WebGL target not found
Refreshing native plugins compatible for Editor in 0.41 ms, found 2 plugins.
Preloading 0 native plugins for Editor in 0.00 ms.
Mono: successfully reloaded assembly
- Completed reload, in  0.792 seconds
Platform modules already initialized, skipping
Refreshing native plugins compatible for Editor in 0.34 ms, found 2 plugins.
Preloading 0 native plugins for Editor in 0.00 ms.
Unloading 1682 Unused Serialized files (Serialized files now loaded: 0)
System memory in use before: 76.6 MB.
System memory in use after: 76.7 MB.

Unloading 13 unused Assets to reduce memory usage. Loaded Objects now: 2319.
Total: 1.948300 ms (FindLiveObjects: 0.219400 ms CreateObjectMapping: 0.037000 ms MarkObjects: 1.677300 ms  DeleteObjects: 0.013700 ms)

========================================================================
Received Prepare
Registering precompiled user dll's ...
Registered in 0.003566 seconds.
Begin MonoManager ReloadAssembly
Native extension for LinuxStandalone target not found
Native extension for WindowsStandalone target not found
Native extension for WebGL target not found
Refreshing native plugins compatible for Editor in 0.47 ms, found 2 plugins.
Preloading 0 native plugins for Editor in 0.00 ms.
Mono: successfully reloaded assembly
- Completed reload, in  0.782 seconds
Platform modules already initialized, skipping
Refreshing native plugins compatible for Editor in 0.38 ms, found 2 plugins.
Preloading 0 native plugins for Editor in 0.00 ms.
Unloading 1682 Unused Serialized files (Serialized files now loaded: 0)
System memory in use before: 76.6 MB.
System memory in use after: 76.7 MB.

Unloading 13 unused Assets to reduce memory usage. Loaded Objects now: 2322.
Total: 1.961500 ms (FindLiveObjects: 0.195600 ms CreateObjectMapping: 0.043200 ms MarkObjects: 1.708300 ms  DeleteObjects: 0.013600 ms)

========================================================================
Received Prepare
Registering precompiled user dll's ...
Registered in 0.002441 seconds.
Begin MonoManager ReloadAssembly
Native extension for LinuxStandalone target not found
Native extension for WindowsStandalone target not found
Native extension for WebGL target not found
Refreshing native plugins compatible for Editor in 0.42 ms, found 2 plugins.
Preloading 0 native plugins for Editor in 0.00 ms.
Mono: successfully reloaded assembly
- Completed reload, in  0.782 seconds
Platform modules already initialized, skipping
Refreshing native plugins compatible for Editor in 0.37 ms, found 2 plugins.
Preloading 0 native plugins for Editor in 0.00 ms.
Unloading 1682 Unused Serialized files (Serialized files now loaded: 0)
System memory in use before: 76.6 MB.
System memory in use after: 76.8 MB.

Unloading 13 unused Assets to reduce memory usage. Loaded Objects now: 2325.
Total: 1.987800 ms (FindLiveObjects: 0.241600 ms CreateObjectMapping: 0.037400 ms MarkObjects: 1.693100 ms  DeleteObjects: 0.014500 ms)

========================================================================
Received Prepare
Registering precompiled user dll's ...
Registered in 0.002275 seconds.
Begin MonoManager ReloadAssembly
Native extension for LinuxStandalone target not found
Native extension for WindowsStandalone target not found
Native extension for WebGL target not found
Refreshing native plugins compatible for Editor in 0.41 ms, found 2 plugins.
Preloading 0 native plugins for Editor in 0.00 ms.
Mono: successfully reloaded assembly
- Completed reload, in  0.789 seconds
Platform modules already initialized, skipping
Refreshing native plugins compatible for Editor in 0.39 ms, found 2 plugins.
Preloading 0 native plugins for Editor in 0.00 ms.
Unloading 1682 Unused Serialized files (Serialized files now loaded: 0)
System memory in use before: 76.6 MB.
System memory in use after: 76.8 MB.

Unloading 13 unused Assets to reduce memory usage. Loaded Objects now: 2328.
Total: 1.946000 ms (FindLiveObjects: 0.203600 ms CreateObjectMapping: 0.038400 ms MarkObjects: 1.688700 ms  DeleteObjects: 0.014500 ms)

========================================================================
Received Prepare
Registering precompiled user dll's ...
Registered in 0.002536 seconds.
Begin MonoManager ReloadAssembly
Native extension for LinuxStandalone target not found
Native extension for WindowsStandalone target not found
Native extension for WebGL target not found
Refreshing native plugins compatible for Editor in 0.45 ms, found 2 plugins.
Preloading 0 native plugins for Editor in 0.00 ms.
Mono: successfully reloaded assembly
- Completed reload, in  0.817 seconds
Platform modules already initialized, skipping
Refreshing native plugins compatible for Editor in 0.30 ms, found 2 plugins.
Preloading 0 native plugins for Editor in 0.00 ms.
Unloading 1682 Unused Serialized files (Serialized files now loaded: 0)
System memory in use before: 76.6 MB.
System memory in use after: 76.8 MB.

Unloading 13 unused Assets to reduce memory usage. Loaded Objects now: 2331.
Total: 1.909000 ms (FindLiveObjects: 0.209400 ms CreateObjectMapping: 0.037500 ms MarkObjects: 1.647600 ms  DeleteObjects: 0.013700 ms)

========================================================================
Received Prepare
Registering precompiled user dll's ...
Registered in 0.002282 seconds.
Begin MonoManager ReloadAssembly
Native extension for LinuxStandalone target not found
Native extension for WindowsStandalone target not found
Native extension for WebGL target not found
Refreshing native plugins compatible for Editor in 0.40 ms, found 2 plugins.
Preloading 0 native plugins for Editor in 0.00 ms.
Mono: successfully reloaded assembly
- Completed reload, in  0.785 seconds
Platform modules already initialized, skipping
Refreshing native plugins compatible for Editor in 0.38 ms, found 2 plugins.
Preloading 0 native plugins for Editor in 0.00 ms.
Unloading 1682 Unused Serialized files (Serialized files now loaded: 0)
System memory in use before: 76.7 MB.
System memory in use after: 76.8 MB.

Unloading 13 unused Assets to reduce memory usage. Loaded Objects now: 2334.
Total: 1.949200 ms (FindLiveObjects: 0.199400 ms CreateObjectMapping: 0.039300 ms MarkObjects: 1.695200 ms  DeleteObjects: 0.014500 ms)

========================================================================
Received Prepare
Registering precompiled user dll's ...
Registered in 0.002487 seconds.
Begin MonoManager ReloadAssembly
Native extension for LinuxStandalone target not found
Native extension for WindowsStandalone target not found
Native extension for WebGL target not found
Refreshing native plugins compatible for Editor in 0.41 ms, found 2 plugins.
Preloading 0 native plugins for Editor in 0.00 ms.
Mono: successfully reloaded assembly
- Completed reload, in  0.786 seconds
Platform modules already initialized, skipping
Refreshing native plugins compatible for Editor in 0.34 ms, found 2 plugins.
Preloading 0 native plugins for Editor in 0.00 ms.
Unloading 1682 Unused Serialized files (Serialized files now loaded: 0)
System memory in use before: 76.7 MB.
System memory in use after: 76.8 MB.

Unloading 13 unused Assets to reduce memory usage. Loaded Objects now: 2337.
Total: 2.071800 ms (FindLiveObjects: 0.212400 ms CreateObjectMapping: 0.036200 ms MarkObjects: 1.804500 ms  DeleteObjects: 0.017800 ms)

========================================================================
Received Prepare
Registering precompiled user dll's ...
Registered in 0.002273 seconds.
Begin MonoManager ReloadAssembly
Native extension for LinuxStandalone target not found
Native extension for WindowsStandalone target not found
Native extension for WebGL target not found
Refreshing native plugins compatible for Editor in 0.42 ms, found 2 plugins.
Preloading 0 native plugins for Editor in 0.00 ms.
Mono: successfully reloaded assembly
- Completed reload, in  0.789 seconds
Platform modules already initialized, skipping
Refreshing native plugins compatible for Editor in 0.43 ms, found 2 plugins.
Preloading 0 native plugins for Editor in 0.00 ms.
Unloading 1682 Unused Serialized files (Serialized files now loaded: 0)
System memory in use before: 76.7 MB.
System memory in use after: 76.8 MB.

Unloading 13 unused Assets to reduce memory usage. Loaded Objects now: 2340.
Total: 2.002200 ms (FindLiveObjects: 0.232200 ms CreateObjectMapping: 0.037200 ms MarkObjects: 1.715800 ms  DeleteObjects: 0.016000 ms)

========================================================================
Received Prepare
Registering precompiled user dll's ...
Registered in 0.002417 seconds.
Begin MonoManager ReloadAssembly
Native extension for LinuxStandalone target not found
Native extension for WindowsStandalone target not found
Native extension for WebGL target not found
Refreshing native plugins compatible for Editor in 0.41 ms, found 2 plugins.
Preloading 0 native plugins for Editor in 0.00 ms.
Mono: successfully reloaded assembly
- Completed reload, in  0.767 seconds
Platform modules already initialized, skipping
Refreshing native plugins compatible for Editor in 0.41 ms, found 2 plugins.
Preloading 0 native plugins for Editor in 0.00 ms.
Unloading 1682 Unused Serialized files (Serialized files now loaded: 0)
System memory in use before: 76.7 MB.
System memory in use after: 76.8 MB.

Unloading 13 unused Assets to reduce memory usage. Loaded Objects now: 2343.
Total: 1.938800 ms (FindLiveObjects: 0.193100 ms CreateObjectMapping: 0.037200 ms MarkObjects: 1.693200 ms  DeleteObjects: 0.014400 ms)

========================================================================
Received Prepare
Registering precompiled user dll's ...
Registered in 0.002455 seconds.
Begin MonoManager ReloadAssembly
Native extension for LinuxStandalone target not found
Native extension for WindowsStandalone target not found
Native extension for WebGL target not found
Refreshing native plugins compatible for Editor in 0.43 ms, found 2 plugins.
Preloading 0 native plugins for Editor in 0.00 ms.
Mono: successfully reloaded assembly
- Completed reload, in  0.860 seconds
Platform modules already initialized, skipping
Refreshing native plugins compatible for Editor in 0.40 ms, found 2 plugins.
Preloading 0 native plugins for Editor in 0.00 ms.
Unloading 1682 Unused Serialized files (Serialized files now loaded: 0)
System memory in use before: 76.7 MB.
System memory in use after: 76.8 MB.

Unloading 13 unused Assets to reduce memory usage. Loaded Objects now: 2346.
Total: 1.987600 ms (FindLiveObjects: 0.220100 ms CreateObjectMapping: 0.038100 ms MarkObjects: 1.713900 ms  DeleteObjects: 0.014500 ms)

========================================================================
Received Prepare
Refreshing native plugins compatible for Editor in 2.06 ms, found 2 plugins.
Preloading 0 native plugins for Editor in 0.00 ms.
Unloading 11 Unused Serialized files (Serialized files now loaded: 0)
System memory in use before: 43.6 MB.
System memory in use after: 43.7 MB.

Unloading 11 unused Assets to reduce memory usage. Loaded Objects now: 2346.
Total: 2.032200 ms (FindLiveObjects: 0.248200 ms CreateObjectMapping: 0.036500 ms MarkObjects: 1.734300 ms  DeleteObjects: 0.012500 ms)

========================================================================
Received Import Request.
  Time since last request: 13236.346972 seconds.
  path: Assets/Prefabs/Cell.prefab
  artifactKey: Guid(6e6b4c7c0815d684eaa5da7a83e2aa9c) Importer(815301076,1909f56bfc062723c751e8b465ee728b)
Start importing Assets/Prefabs/Cell.prefab using Guid(6e6b4c7c0815d684eaa5da7a83e2aa9c) Importer(815301076,1909f56bfc062723c751e8b465ee728b)  -> (artifact id: '022ad91546cb6e5abb9cc9780908e123') in 0.090893 seconds
  Import took 0.093856 seconds .

========================================================================
Received Import Request.
  Time since last request: 3.921788 seconds.
  path: Assets/Prefabs/Cell.prefab
  artifactKey: Guid(6e6b4c7c0815d684eaa5da7a83e2aa9c) Importer(815301076,1909f56bfc062723c751e8b465ee728b)
Start importing Assets/Prefabs/Cell.prefab using Guid(6e6b4c7c0815d684eaa5da7a83e2aa9c) Importer(815301076,1909f56bfc062723c751e8b465ee728b)  -> (artifact id: '28421fe6b24923fb5b6b160e22319518') in 0.004915 seconds
  Import took 0.008124 seconds .

========================================================================
Received Import Request.
  Time since last request: 4.219487 seconds.
  path: Assets/Prefabs/Cell.prefab
  artifactKey: Guid(6e6b4c7c0815d684eaa5da7a83e2aa9c) Importer(815301076,1909f56bfc062723c751e8b465ee728b)
Start importing Assets/Prefabs/Cell.prefab using Guid(6e6b4c7c0815d684eaa5da7a83e2aa9c) Importer(815301076,1909f56bfc062723c751e8b465ee728b)  -> (artifact id: 'a336ab2002d1c826db99052f9e9145c7') in 0.005055 seconds
  Import took 0.008046 seconds .

========================================================================
Received Import Request.
  Time since last request: 83.478382 seconds.
  path: Assets/Prefabs/Cell.prefab
  artifactKey: Guid(6e6b4c7c0815d684eaa5da7a83e2aa9c) Importer(815301076,1909f56bfc062723c751e8b465ee728b)
Start importing Assets/Prefabs/Cell.prefab using Guid(6e6b4c7c0815d684eaa5da7a83e2aa9c) Importer(815301076,1909f56bfc062723c751e8b465ee728b)  -> (artifact id: 'd2e09cd2b9f1ac7a53adf5a38fa427f9') in 0.004971 seconds
  Import took 0.008148 seconds .

========================================================================
Received Import Request.
  Time since last request: 2.207069 seconds.
  path: Assets/Prefabs/Cell.prefab
  artifactKey: Guid(6e6b4c7c0815d684eaa5da7a83e2aa9c) Importer(815301076,1909f56bfc062723c751e8b465ee728b)
Start importing Assets/Prefabs/Cell.prefab using Guid(6e6b4c7c0815d684eaa5da7a83e2aa9c) Importer(815301076,1909f56bfc062723c751e8b465ee728b)  -> (artifact id: '3f6543557bdcf9ad1de18a163740c7aa') in 0.006875 seconds
  Import took 0.010890 seconds .

========================================================================
Received Import Request.
  Time since last request: 54.896646 seconds.
  path: Assets/Prefabs/Cell.prefab
  artifactKey: Guid(6e6b4c7c0815d684eaa5da7a83e2aa9c) Importer(815301076,1909f56bfc062723c751e8b465ee728b)
Start importing Assets/Prefabs/Cell.prefab using Guid(6e6b4c7c0815d684eaa5da7a83e2aa9c) Importer(815301076,1909f56bfc062723c751e8b465ee728b)  -> (artifact id: '646c2cba13ec66c57dfd144a8ed2950c') in 0.005822 seconds
  Import took 0.009069 seconds .

========================================================================
Received Import Request.
  Time since last request: 4.002313 seconds.
  path: Assets/Prefabs/Cell.prefab
  artifactKey: Guid(6e6b4c7c0815d684eaa5da7a83e2aa9c) Importer(815301076,1909f56bfc062723c751e8b465ee728b)
Start importing Assets/Prefabs/Cell.prefab using Guid(6e6b4c7c0815d684eaa5da7a83e2aa9c) Importer(815301076,1909f56bfc062723c751e8b465ee728b)  -> (artifact id: 'b99acd239a92e9c6608d60d0bf243ab8') in 0.005590 seconds
  Import took 0.008766 seconds .

========================================================================
Received Import Request.
  Time since last request: 2.003911 seconds.
  path: Assets/Prefabs/Cell.prefab
  artifactKey: Guid(6e6b4c7c0815d684eaa5da7a83e2aa9c) Importer(815301076,1909f56bfc062723c751e8b465ee728b)
Start importing Assets/Prefabs/Cell.prefab using Guid(6e6b4c7c0815d684eaa5da7a83e2aa9c) Importer(815301076,1909f56bfc062723c751e8b465ee728b)  -> (artifact id: 'f3a0ad451fc373dd027f27eb952c4c84') in 0.004822 seconds
  Import took 0.007457 seconds .

========================================================================
Received Import Request.
  Time since last request: 21.726176 seconds.
  path: Assets/Prefabs/Cell.prefab
  artifactKey: Guid(6e6b4c7c0815d684eaa5da7a83e2aa9c) Importer(815301076,1909f56bfc062723c751e8b465ee728b)
Start importing Assets/Prefabs/Cell.prefab using Guid(6e6b4c7c0815d684eaa5da7a83e2aa9c) Importer(815301076,1909f56bfc062723c751e8b465ee728b)  -> (artifact id: 'c84040ea324e76619b5a35a52a938d0a') in 0.004960 seconds
  Import took 0.008497 seconds .

========================================================================
Received Import Request.
  Time since last request: 4.827253 seconds.
  path: Assets/Prefabs/Cell.prefab
  artifactKey: Guid(6e6b4c7c0815d684eaa5da7a83e2aa9c) Importer(815301076,1909f56bfc062723c751e8b465ee728b)
Start importing Assets/Prefabs/Cell.prefab using Guid(6e6b4c7c0815d684eaa5da7a83e2aa9c) Importer(815301076,1909f56bfc062723c751e8b465ee728b)  -> (artifact id: 'c9130aaf43ddd5cae3af53a5dfacc8f9') in 0.004933 seconds
  Import took 0.007831 seconds .

========================================================================
Received Import Request.
  Time since last request: 7.844867 seconds.
  path: Assets/Prefabs/Cell.prefab
  artifactKey: Guid(6e6b4c7c0815d684eaa5da7a83e2aa9c) Importer(815301076,1909f56bfc062723c751e8b465ee728b)
Start importing Assets/Prefabs/Cell.prefab using Guid(6e6b4c7c0815d684eaa5da7a83e2aa9c) Importer(815301076,1909f56bfc062723c751e8b465ee728b)  -> (artifact id: '55d238a504c4d747e2aa781feb6c52ea') in 0.004940 seconds
  Import took 0.008120 seconds .

========================================================================
Received Prepare
Registering precompiled user dll's ...
Registered in 0.002573 seconds.
Begin MonoManager ReloadAssembly
Native extension for LinuxStandalone target not found
Native extension for WindowsStandalone target not found
Native extension for WebGL target not found
Refreshing native plugins compatible for Editor in 0.41 ms, found 2 plugins.
Preloading 0 native plugins for Editor in 0.00 ms.
Mono: successfully reloaded assembly
- Completed reload, in  0.801 seconds
Platform modules already initialized, skipping
Refreshing native plugins compatible for Editor in 0.44 ms, found 2 plugins.
Preloading 0 native plugins for Editor in 0.00 ms.
Unloading 1682 Unused Serialized files (Serialized files now loaded: 0)
System memory in use before: 76.7 MB.
System memory in use after: 76.8 MB.

Unloading 13 unused Assets to reduce memory usage. Loaded Objects now: 2349.
Total: 2.378200 ms (FindLiveObjects: 0.242200 ms CreateObjectMapping: 0.043200 ms MarkObjects: 2.072600 ms  DeleteObjects: 0.019100 ms)

